<?xml version="1.0" encoding="UTF-8"?>
<coverage generated="1654129448701" clover="3.2.0">
  <project timestamp="1654129448701" name="All files">
    <metrics statements="47" coveredstatements="47" conditionals="8" coveredconditionals="8" methods="10" coveredmethods="10" elements="65" coveredelements="65" complexity="0" loc="47" ncloc="47" packages="1" files="1" classes="1"/>
    <file name="FileExplorer.js" path="/Users/rgurram/learning/file-system/ui/src/components/fileExplorer/FileExplorer.js">
      <metrics statements="47" coveredstatements="47" conditionals="8" coveredconditionals="8" methods="10" coveredmethods="10"/>
      <line num="10" count="5" type="stmt"/>
      <line num="12" count="5" type="stmt"/>
      <line num="26" count="5" type="stmt"/>
      <line num="27" count="5" type="stmt"/>
      <line num="29" count="5" type="stmt"/>
      <line num="30" count="5" type="stmt"/>
      <line num="32" count="5" type="stmt"/>
      <line num="36" count="5" type="stmt"/>
      <line num="37" count="5" type="stmt"/>
      <line num="38" count="5" type="stmt"/>
      <line num="39" count="15" type="stmt"/>
      <line num="40" count="15" type="stmt"/>
      <line num="41" count="15" type="stmt"/>
      <line num="44" count="5" type="stmt"/>
      <line num="53" count="11" type="stmt"/>
      <line num="54" count="11" type="stmt"/>
      <line num="55" count="21" type="stmt"/>
      <line num="57" count="3" type="stmt"/>
      <line num="62" count="10" type="stmt"/>
      <line num="66" count="1" type="stmt"/>
      <line num="70" count="8" type="stmt"/>
      <line num="71" count="8" type="stmt"/>
      <line num="73" count="8" type="stmt"/>
      <line num="74" count="17" type="cond" truecount="2" falsecount="0"/>
      <line num="75" count="8" type="stmt"/>
      <line num="77" count="9" type="stmt"/>
      <line num="80" count="8" type="stmt"/>
      <line num="84" count="8" type="stmt"/>
      <line num="85" count="8" type="stmt"/>
      <line num="86" count="8" type="stmt"/>
      <line num="87" count="8" type="stmt"/>
      <line num="88" count="8" type="stmt"/>
      <line num="89" count="8" type="stmt"/>
      <line num="90" count="8" type="stmt"/>
      <line num="92" count="8" type="cond" truecount="2" falsecount="0"/>
      <line num="93" count="6" type="stmt"/>
      <line num="94" count="5" type="cond" truecount="2" falsecount="0"/>
      <line num="95" count="3" type="stmt"/>
      <line num="96" count="3" type="stmt"/>
      <line num="99" count="2" type="stmt"/>
      <line num="104" count="2" type="stmt"/>
      <line num="105" count="6" type="stmt"/>
      <line num="106" count="6" type="cond" truecount="2" falsecount="0"/>
      <line num="107" count="2" type="stmt"/>
      <line num="111" count="2" type="stmt"/>
      <line num="117" count="4" type="stmt"/>
      <line num="123" count="13" type="stmt"/>
    </file>
  </project>
</coverage>
