{"/Users/rgurram/learning/file-system/ui/src/components/fileExplorer/FileExplorer.js": {"path":"/Users/rgurram/learning/file-system/ui/src/components/fileExplorer/FileExplorer.js","statementMap":{"0":{"start":{"line":10,"column":8},"end":{"line":10,"column":21}},"1":{"start":{"line":12,"column":8},"end":{"line":24,"column":10}},"2":{"start":{"line":26,"column":8},"end":{"line":26,"column":67}},"3":{"start":{"line":27,"column":8},"end":{"line":27,"column":67}},"4":{"start":{"line":29,"column":8},"end":{"line":29,"column":57}},"5":{"start":{"line":30,"column":8},"end":{"line":30,"column":51}},"6":{"start":{"line":32,"column":8},"end":{"line":32,"column":64}},"7":{"start":{"line":36,"column":28},"end":{"line":36,"column":56}},"8":{"start":{"line":37,"column":27},"end":{"line":37,"column":48}},"9":{"start":{"line":38,"column":8},"end":{"line":42,"column":11}},"10":{"start":{"line":39,"column":12},"end":{"line":39,"column":36}},"11":{"start":{"line":40,"column":12},"end":{"line":40,"column":60}},"12":{"start":{"line":41,"column":12},"end":{"line":41,"column":66}},"13":{"start":{"line":44,"column":8},"end":{"line":48,"column":11}},"14":{"start":{"line":53,"column":8},"end":{"line":60,"column":9}},"15":{"start":{"line":54,"column":26},"end":{"line":54,"column":78}},"16":{"start":{"line":55,"column":12},"end":{"line":55,"column":73}},"17":{"start":{"line":55,"column":49},"end":{"line":55,"column":71}},"18":{"start":{"line":57,"column":12},"end":{"line":59,"column":13}},"19":{"start":{"line":62,"column":8},"end":{"line":62,"column":24}},"20":{"start":{"line":66,"column":8},"end":{"line":66,"column":38}},"21":{"start":{"line":70,"column":21},"end":{"line":70,"column":47}},"22":{"start":{"line":71,"column":28},"end":{"line":71,"column":49}},"23":{"start":{"line":73,"column":8},"end":{"line":78,"column":9}},"24":{"start":{"line":73,"column":20},"end":{"line":73,"column":21}},"25":{"start":{"line":74,"column":12},"end":{"line":76,"column":13}},"26":{"start":{"line":75,"column":16},"end":{"line":75,"column":25}},"27":{"start":{"line":77,"column":12},"end":{"line":77,"column":54}},"28":{"start":{"line":80,"column":8},"end":{"line":80,"column":22}},"29":{"start":{"line":84,"column":8},"end":{"line":84,"column":32}},"30":{"start":{"line":85,"column":27},"end":{"line":85,"column":72}},"31":{"start":{"line":86,"column":29},"end":{"line":86,"column":55}},"32":{"start":{"line":87,"column":8},"end":{"line":87,"column":59}},"33":{"start":{"line":88,"column":8},"end":{"line":88,"column":39}},"34":{"start":{"line":89,"column":8},"end":{"line":89,"column":52}},"35":{"start":{"line":90,"column":8},"end":{"line":90,"column":52}},"36":{"start":{"line":92,"column":8},"end":{"line":115,"column":9}},"37":{"start":{"line":93,"column":44},"end":{"line":93,"column":79}},"38":{"start":{"line":94,"column":12},"end":{"line":97,"column":13}},"39":{"start":{"line":95,"column":16},"end":{"line":95,"column":56}},"40":{"start":{"line":96,"column":16},"end":{"line":96,"column":23}},"41":{"start":{"line":99,"column":12},"end":{"line":102,"column":15}},"42":{"start":{"line":104,"column":12},"end":{"line":109,"column":15}},"43":{"start":{"line":105,"column":16},"end":{"line":105,"column":63}},"44":{"start":{"line":106,"column":16},"end":{"line":108,"column":17}},"45":{"start":{"line":107,"column":20},"end":{"line":107,"column":73}},"46":{"start":{"line":111,"column":12},"end":{"line":114,"column":15}},"47":{"start":{"line":117,"column":8},"end":{"line":119,"column":11}},"48":{"start":{"line":123,"column":8},"end":{"line":138,"column":10}}},"fnMap":{"0":{"name":"(anonymous_0)","decl":{"start":{"line":9,"column":4},"end":{"line":9,"column":5}},"loc":{"start":{"line":9,"column":23},"end":{"line":33,"column":5}},"line":9},"1":{"name":"(anonymous_1)","decl":{"start":{"line":35,"column":4},"end":{"line":35,"column":5}},"loc":{"start":{"line":35,"column":30},"end":{"line":49,"column":5}},"line":35},"2":{"name":"(anonymous_2)","decl":{"start":{"line":38,"column":28},"end":{"line":38,"column":29}},"loc":{"start":{"line":38,"column":38},"end":{"line":42,"column":9}},"line":38},"3":{"name":"(anonymous_3)","decl":{"start":{"line":51,"column":4},"end":{"line":51,"column":5}},"loc":{"start":{"line":51,"column":29},"end":{"line":63,"column":5}},"line":51},"4":{"name":"(anonymous_4)","decl":{"start":{"line":55,"column":39},"end":{"line":55,"column":40}},"loc":{"start":{"line":55,"column":49},"end":{"line":55,"column":71}},"line":55},"5":{"name":"(anonymous_5)","decl":{"start":{"line":65,"column":4},"end":{"line":65,"column":5}},"loc":{"start":{"line":65,"column":29},"end":{"line":67,"column":5}},"line":65},"6":{"name":"(anonymous_6)","decl":{"start":{"line":69,"column":4},"end":{"line":69,"column":5}},"loc":{"start":{"line":69,"column":26},"end":{"line":81,"column":5}},"line":69},"7":{"name":"(anonymous_7)","decl":{"start":{"line":83,"column":4},"end":{"line":83,"column":5}},"loc":{"start":{"line":83,"column":35},"end":{"line":120,"column":5}},"line":83},"8":{"name":"(anonymous_8)","decl":{"start":{"line":104,"column":44},"end":{"line":104,"column":45}},"loc":{"start":{"line":104,"column":54},"end":{"line":109,"column":13}},"line":104},"9":{"name":"(anonymous_9)","decl":{"start":{"line":122,"column":4},"end":{"line":122,"column":5}},"loc":{"start":{"line":122,"column":13},"end":{"line":139,"column":5}},"line":122}},"branchMap":{"0":{"loc":{"start":{"line":74,"column":12},"end":{"line":76,"column":13}},"type":"if","locations":[{"start":{"line":74,"column":12},"end":{"line":76,"column":13}},{"start":{},"end":{}}],"line":74},"1":{"loc":{"start":{"line":92,"column":8},"end":{"line":115,"column":9}},"type":"if","locations":[{"start":{"line":92,"column":8},"end":{"line":115,"column":9}},{"start":{"line":110,"column":15},"end":{"line":115,"column":9}}],"line":92},"2":{"loc":{"start":{"line":94,"column":12},"end":{"line":97,"column":13}},"type":"if","locations":[{"start":{"line":94,"column":12},"end":{"line":97,"column":13}},{"start":{},"end":{}}],"line":94},"3":{"loc":{"start":{"line":106,"column":16},"end":{"line":108,"column":17}},"type":"if","locations":[{"start":{"line":106,"column":16},"end":{"line":108,"column":17}},{"start":{},"end":{}}],"line":106}},"s":{"0":5,"1":5,"2":5,"3":5,"4":5,"5":5,"6":5,"7":5,"8":5,"9":5,"10":15,"11":15,"12":15,"13":5,"14":11,"15":11,"16":7,"17":21,"18":3,"19":10,"20":1,"21":8,"22":8,"23":8,"24":8,"25":17,"26":8,"27":9,"28":8,"29":8,"30":8,"31":8,"32":8,"33":8,"34":8,"35":8,"36":8,"37":6,"38":5,"39":3,"40":3,"41":2,"42":2,"43":6,"44":6,"45":2,"46":2,"47":4,"48":13},"f":{"0":5,"1":5,"2":15,"3":11,"4":21,"5":1,"6":8,"7":8,"8":6,"9":13},"b":{"0":[8,9],"1":[6,2],"2":[3,2],"3":[2,4]},"_coverageSchema":"1a1c01bbd47fc00a2c39e90264f33305004495a9","hash":"7a84124671045192c54cdf3af9b16aae63b1d826"}
}
