{"/Users/rgurram/learning/file-system/ui/src/components/fileExplorer/FileExplorer.js": {"path":"/Users/rgurram/learning/file-system/ui/src/components/fileExplorer/FileExplorer.js","statementMap":{"0":{"start":{"line":10,"column":8},"end":{"line":10,"column":21}},"1":{"start":{"line":12,"column":8},"end":{"line":24,"column":10}},"2":{"start":{"line":26,"column":8},"end":{"line":26,"column":67}},"3":{"start":{"line":27,"column":8},"end":{"line":27,"column":67}},"4":{"start":{"line":29,"column":8},"end":{"line":29,"column":57}},"5":{"start":{"line":30,"column":8},"end":{"line":30,"column":51}},"6":{"start":{"line":32,"column":8},"end":{"line":32,"column":64}},"7":{"start":{"line":36,"column":28},"end":{"line":36,"column":56}},"8":{"start":{"line":37,"column":27},"end":{"line":37,"column":48}},"9":{"start":{"line":38,"column":8},"end":{"line":42,"column":11}},"10":{"start":{"line":39,"column":12},"end":{"line":39,"column":36}},"11":{"start":{"line":40,"column":12},"end":{"line":40,"column":60}},"12":{"start":{"line":41,"column":12},"end":{"line":41,"column":66}},"13":{"start":{"line":44,"column":8},"end":{"line":48,"column":11}},"14":{"start":{"line":52,"column":8},"end":{"line":52,"column":44}},"15":{"start":{"line":54,"column":8},"end":{"line":61,"column":9}},"16":{"start":{"line":55,"column":26},"end":{"line":55,"column":78}},"17":{"start":{"line":56,"column":12},"end":{"line":56,"column":73}},"18":{"start":{"line":56,"column":49},"end":{"line":56,"column":71}},"19":{"start":{"line":58,"column":12},"end":{"line":60,"column":13}},"20":{"start":{"line":63,"column":8},"end":{"line":63,"column":24}},"21":{"start":{"line":67,"column":8},"end":{"line":67,"column":38}},"22":{"start":{"line":71,"column":21},"end":{"line":71,"column":47}},"23":{"start":{"line":72,"column":28},"end":{"line":72,"column":49}},"24":{"start":{"line":74,"column":8},"end":{"line":79,"column":9}},"25":{"start":{"line":74,"column":20},"end":{"line":74,"column":21}},"26":{"start":{"line":75,"column":12},"end":{"line":77,"column":13}},"27":{"start":{"line":76,"column":16},"end":{"line":76,"column":25}},"28":{"start":{"line":78,"column":12},"end":{"line":78,"column":54}},"29":{"start":{"line":81,"column":8},"end":{"line":81,"column":22}},"30":{"start":{"line":85,"column":8},"end":{"line":85,"column":32}},"31":{"start":{"line":86,"column":27},"end":{"line":86,"column":72}},"32":{"start":{"line":87,"column":29},"end":{"line":87,"column":55}},"33":{"start":{"line":88,"column":8},"end":{"line":88,"column":59}},"34":{"start":{"line":89,"column":8},"end":{"line":89,"column":39}},"35":{"start":{"line":90,"column":8},"end":{"line":90,"column":52}},"36":{"start":{"line":91,"column":8},"end":{"line":91,"column":52}},"37":{"start":{"line":93,"column":8},"end":{"line":116,"column":9}},"38":{"start":{"line":94,"column":44},"end":{"line":94,"column":79}},"39":{"start":{"line":95,"column":12},"end":{"line":98,"column":13}},"40":{"start":{"line":96,"column":16},"end":{"line":96,"column":56}},"41":{"start":{"line":97,"column":16},"end":{"line":97,"column":23}},"42":{"start":{"line":100,"column":12},"end":{"line":103,"column":15}},"43":{"start":{"line":105,"column":12},"end":{"line":110,"column":15}},"44":{"start":{"line":106,"column":16},"end":{"line":106,"column":63}},"45":{"start":{"line":107,"column":16},"end":{"line":109,"column":17}},"46":{"start":{"line":108,"column":20},"end":{"line":108,"column":73}},"47":{"start":{"line":112,"column":12},"end":{"line":115,"column":15}},"48":{"start":{"line":118,"column":8},"end":{"line":120,"column":11}},"49":{"start":{"line":124,"column":8},"end":{"line":139,"column":10}}},"fnMap":{"0":{"name":"(anonymous_0)","decl":{"start":{"line":9,"column":4},"end":{"line":9,"column":5}},"loc":{"start":{"line":9,"column":23},"end":{"line":33,"column":5}},"line":9},"1":{"name":"(anonymous_1)","decl":{"start":{"line":35,"column":4},"end":{"line":35,"column":5}},"loc":{"start":{"line":35,"column":30},"end":{"line":49,"column":5}},"line":35},"2":{"name":"(anonymous_2)","decl":{"start":{"line":38,"column":28},"end":{"line":38,"column":29}},"loc":{"start":{"line":38,"column":38},"end":{"line":42,"column":9}},"line":38},"3":{"name":"(anonymous_3)","decl":{"start":{"line":51,"column":4},"end":{"line":51,"column":5}},"loc":{"start":{"line":51,"column":29},"end":{"line":64,"column":5}},"line":51},"4":{"name":"(anonymous_4)","decl":{"start":{"line":56,"column":39},"end":{"line":56,"column":40}},"loc":{"start":{"line":56,"column":49},"end":{"line":56,"column":71}},"line":56},"5":{"name":"(anonymous_5)","decl":{"start":{"line":66,"column":4},"end":{"line":66,"column":5}},"loc":{"start":{"line":66,"column":29},"end":{"line":68,"column":5}},"line":66},"6":{"name":"(anonymous_6)","decl":{"start":{"line":70,"column":4},"end":{"line":70,"column":5}},"loc":{"start":{"line":70,"column":26},"end":{"line":82,"column":5}},"line":70},"7":{"name":"(anonymous_7)","decl":{"start":{"line":84,"column":4},"end":{"line":84,"column":5}},"loc":{"start":{"line":84,"column":35},"end":{"line":121,"column":5}},"line":84},"8":{"name":"(anonymous_8)","decl":{"start":{"line":105,"column":44},"end":{"line":105,"column":45}},"loc":{"start":{"line":105,"column":54},"end":{"line":110,"column":13}},"line":105},"9":{"name":"(anonymous_9)","decl":{"start":{"line":123,"column":4},"end":{"line":123,"column":5}},"loc":{"start":{"line":123,"column":13},"end":{"line":140,"column":5}},"line":123}},"branchMap":{"0":{"loc":{"start":{"line":75,"column":12},"end":{"line":77,"column":13}},"type":"if","locations":[{"start":{"line":75,"column":12},"end":{"line":77,"column":13}},{"start":{},"end":{}}],"line":75},"1":{"loc":{"start":{"line":93,"column":8},"end":{"line":116,"column":9}},"type":"if","locations":[{"start":{"line":93,"column":8},"end":{"line":116,"column":9}},{"start":{"line":111,"column":15},"end":{"line":116,"column":9}}],"line":93},"2":{"loc":{"start":{"line":95,"column":12},"end":{"line":98,"column":13}},"type":"if","locations":[{"start":{"line":95,"column":12},"end":{"line":98,"column":13}},{"start":{},"end":{}}],"line":95},"3":{"loc":{"start":{"line":107,"column":16},"end":{"line":109,"column":17}},"type":"if","locations":[{"start":{"line":107,"column":16},"end":{"line":109,"column":17}},{"start":{},"end":{}}],"line":107}},"s":{"0":5,"1":5,"2":5,"3":5,"4":5,"5":5,"6":5,"7":5,"8":5,"9":5,"10":15,"11":15,"12":15,"13":5,"14":11,"15":11,"16":11,"17":7,"18":21,"19":3,"20":10,"21":1,"22":8,"23":8,"24":8,"25":8,"26":17,"27":8,"28":9,"29":8,"30":8,"31":8,"32":8,"33":8,"34":8,"35":8,"36":8,"37":8,"38":6,"39":5,"40":3,"41":3,"42":2,"43":2,"44":6,"45":6,"46":2,"47":2,"48":4,"49":13},"f":{"0":5,"1":5,"2":15,"3":11,"4":21,"5":1,"6":8,"7":8,"8":6,"9":13},"b":{"0":[8,9],"1":[6,2],"2":[3,2],"3":[2,4]},"_coverageSchema":"1a1c01bbd47fc00a2c39e90264f33305004495a9","hash":"5e126cbf78b3c1dd318a9cd7d6de97f441fb5c2c"}
,"/Users/rgurram/learning/file-system/ui/src/components/folderList/FolderList.js": {"path":"/Users/rgurram/learning/file-system/ui/src/components/folderList/FolderList.js","statementMap":{"0":{"start":{"line":8,"column":8},"end":{"line":29,"column":10}},"1":{"start":{"line":17,"column":45},"end":{"line":17,"column":69}},"2":{"start":{"line":18,"column":24},"end":{"line":25,"column":30}}},"fnMap":{"0":{"name":"(anonymous_0)","decl":{"start":{"line":7,"column":4},"end":{"line":7,"column":5}},"loc":{"start":{"line":7,"column":13},"end":{"line":30,"column":5}},"line":7},"1":{"name":"(anonymous_1)","decl":{"start":{"line":16,"column":64},"end":{"line":16,"column":65}},"loc":{"start":{"line":16,"column":79},"end":{"line":26,"column":21}},"line":16}},"branchMap":{"0":{"loc":{"start":{"line":16,"column":20},"end":{"line":26,"column":53}},"type":"cond-expr","locations":[{"start":{"line":16,"column":41},"end":{"line":26,"column":22}},{"start":{"line":26,"column":25},"end":{"line":26,"column":53}}],"line":16},"1":{"loc":{"start":{"line":18,"column":109},"end":{"line":18,"column":164}},"type":"cond-expr","locations":[{"start":{"line":18,"column":124},"end":{"line":18,"column":152}},{"start":{"line":18,"column":155},"end":{"line":18,"column":164}}],"line":18},"2":{"loc":{"start":{"line":24,"column":55},"end":{"line":24,"column":105}},"type":"cond-expr","locations":[{"start":{"line":24,"column":70},"end":{"line":24,"column":72}},{"start":{"line":24,"column":75},"end":{"line":24,"column":105}}],"line":24}},"s":{"0":17,"1":27,"2":27},"f":{"0":17,"1":27},"b":{"0":[15,2],"1":[18,9],"2":[18,9]},"_coverageSchema":"1a1c01bbd47fc00a2c39e90264f33305004495a9","hash":"076000ab296f9e6ae2fe26ea4186732d3d5553b6"}
,"/Users/rgurram/learning/file-system/ui/src/components/sidebar/SideBar.js": {"path":"/Users/rgurram/learning/file-system/ui/src/components/sidebar/SideBar.js","statementMap":{"0":{"start":{"line":8,"column":8},"end":{"line":8,"column":21}},"1":{"start":{"line":12,"column":8},"end":{"line":43,"column":10}},"2":{"start":{"line":16,"column":45},"end":{"line":16,"column":69}},"3":{"start":{"line":17,"column":24},"end":{"line":39,"column":25}}},"fnMap":{"0":{"name":"(anonymous_0)","decl":{"start":{"line":7,"column":4},"end":{"line":7,"column":5}},"loc":{"start":{"line":7,"column":23},"end":{"line":9,"column":5}},"line":7},"1":{"name":"(anonymous_1)","decl":{"start":{"line":11,"column":4},"end":{"line":11,"column":5}},"loc":{"start":{"line":11,"column":13},"end":{"line":44,"column":5}},"line":11},"2":{"name":"(anonymous_2)","decl":{"start":{"line":15,"column":64},"end":{"line":15,"column":65}},"loc":{"start":{"line":15,"column":79},"end":{"line":40,"column":21}},"line":15}},"branchMap":{"0":{"loc":{"start":{"line":15,"column":20},"end":{"line":40,"column":58}},"type":"cond-expr","locations":[{"start":{"line":15,"column":41},"end":{"line":40,"column":22}},{"start":{"line":40,"column":25},"end":{"line":40,"column":58}}],"line":15},"1":{"loc":{"start":{"line":19,"column":49},"end":{"line":19,"column":95}},"type":"cond-expr","locations":[{"start":{"line":19,"column":67},"end":{"line":19,"column":84}},{"start":{"line":19,"column":87},"end":{"line":19,"column":95}}],"line":19},"2":{"loc":{"start":{"line":19,"column":140},"end":{"line":19,"column":195}},"type":"cond-expr","locations":[{"start":{"line":19,"column":155},"end":{"line":19,"column":183}},{"start":{"line":19,"column":186},"end":{"line":19,"column":195}}],"line":19},"3":{"loc":{"start":{"line":20,"column":38},"end":{"line":22,"column":44}},"type":"cond-expr","locations":[{"start":{"line":21,"column":40},"end":{"line":21,"column":108}},{"start":{"line":22,"column":42},"end":{"line":22,"column":44}}],"line":20},"4":{"loc":{"start":{"line":21,"column":48},"end":{"line":21,"column":99}},"type":"cond-expr","locations":[{"start":{"line":21,"column":66},"end":{"line":21,"column":80}},{"start":{"line":21,"column":83},"end":{"line":21,"column":99}}],"line":21},"5":{"loc":{"start":{"line":24,"column":114},"end":{"line":24,"column":141}},"type":"cond-expr","locations":[{"start":{"line":24,"column":130},"end":{"line":24,"column":136}},{"start":{"line":24,"column":139},"end":{"line":24,"column":141}}],"line":24},"6":{"loc":{"start":{"line":32,"column":36},"end":{"line":36,"column":40}},"type":"cond-expr","locations":[{"start":{"line":33,"column":40},"end":{"line":35,"column":95}},{"start":{"line":36,"column":38},"end":{"line":36,"column":40}}],"line":32},"7":{"loc":{"start":{"line":32,"column":36},"end":{"line":32,"column":117}},"type":"binary-expr","locations":[{"start":{"line":32,"column":36},"end":{"line":32,"column":51}},{"start":{"line":32,"column":55},"end":{"line":32,"column":71}},{"start":{"line":32,"column":75},"end":{"line":32,"column":117}}],"line":32}},"s":{"0":23,"1":35,"2":59,"3":59},"f":{"0":23,"1":35,"2":59},"b":{"0":[33,2],"1":[17,42],"2":[45,14],"3":[45,14],"4":[22,23],"5":[14,45],"6":[15,44],"7":[59,22,22]},"_coverageSchema":"1a1c01bbd47fc00a2c39e90264f33305004495a9","hash":"138383c6278b3b33bea8fcc5a0eb26faaa456623"}
}
