TN:
SF:src/components/fileExplorer/FileExplorer.js
FN:9,(anonymous_0)
FN:35,(anonymous_1)
FN:38,(anonymous_2)
FN:51,(anonymous_3)
FN:55,(anonymous_4)
FN:65,(anonymous_5)
FN:69,(anonymous_6)
FN:83,(anonymous_7)
FN:104,(anonymous_8)
FN:122,(anonymous_9)
FNF:10
FNH:10
FNDA:5,(anonymous_0)
FNDA:5,(anonymous_1)
FNDA:15,(anonymous_2)
FNDA:11,(anonymous_3)
FNDA:21,(anonymous_4)
FNDA:1,(anonymous_5)
FNDA:8,(anonymous_6)
FNDA:8,(anonymous_7)
FNDA:6,(anonymous_8)
FNDA:13,(anonymous_9)
DA:10,5
DA:12,5
DA:26,5
DA:27,5
DA:29,5
DA:30,5
DA:32,5
DA:36,5
DA:37,5
DA:38,5
DA:39,15
DA:40,15
DA:41,15
DA:44,5
DA:53,11
DA:54,11
DA:55,21
DA:57,3
DA:62,10
DA:66,1
DA:70,8
DA:71,8
DA:73,8
DA:74,17
DA:75,8
DA:77,9
DA:80,8
DA:84,8
DA:85,8
DA:86,8
DA:87,8
DA:88,8
DA:89,8
DA:90,8
DA:92,8
DA:93,6
DA:94,5
DA:95,3
DA:96,3
DA:99,2
DA:104,2
DA:105,6
DA:106,6
DA:107,2
DA:111,2
DA:117,4
DA:123,13
LF:47
LH:47
BRDA:74,0,0,8
BRDA:74,0,1,9
BRDA:92,1,0,6
BRDA:92,1,1,2
BRDA:94,2,0,3
BRDA:94,2,1,2
BRDA:106,3,0,2
BRDA:106,3,1,4
BRF:8
BRH:8
end_of_record
