TN:
SF:src/components/fileExplorer/FileExplorer.js
FN:9,(anonymous_0)
FN:35,(anonymous_1)
FN:38,(anonymous_2)
FN:51,(anonymous_3)
FN:56,(anonymous_4)
FN:66,(anonymous_5)
FN:70,(anonymous_6)
FN:84,(anonymous_7)
FN:105,(anonymous_8)
FN:123,(anonymous_9)
FNF:10
FNH:10
FNDA:5,(anonymous_0)
FNDA:5,(anonymous_1)
FNDA:15,(anonymous_2)
FNDA:11,(anonymous_3)
FNDA:21,(anonymous_4)
FNDA:1,(anonymous_5)
FNDA:8,(anonymous_6)
FNDA:8,(anonymous_7)
FNDA:6,(anonymous_8)
FNDA:13,(anonymous_9)
DA:10,5
DA:12,5
DA:26,5
DA:27,5
DA:29,5
DA:30,5
DA:32,5
DA:36,5
DA:37,5
DA:38,5
DA:39,15
DA:40,15
DA:41,15
DA:44,5
DA:52,11
DA:54,11
DA:55,11
DA:56,21
DA:58,3
DA:63,10
DA:67,1
DA:71,8
DA:72,8
DA:74,8
DA:75,17
DA:76,8
DA:78,9
DA:81,8
DA:85,8
DA:86,8
DA:87,8
DA:88,8
DA:89,8
DA:90,8
DA:91,8
DA:93,8
DA:94,6
DA:95,5
DA:96,3
DA:97,3
DA:100,2
DA:105,2
DA:106,6
DA:107,6
DA:108,2
DA:112,2
DA:118,4
DA:124,13
LF:48
LH:48
BRDA:75,0,0,8
BRDA:75,0,1,9
BRDA:93,1,0,6
BRDA:93,1,1,2
BRDA:95,2,0,3
BRDA:95,2,1,2
BRDA:107,3,0,2
BRDA:107,3,1,4
BRF:8
BRH:8
end_of_record
TN:
SF:src/components/folderList/FolderList.js
FN:7,(anonymous_0)
FN:16,(anonymous_1)
FNF:2
FNH:2
FNDA:17,(anonymous_0)
FNDA:27,(anonymous_1)
DA:8,17
DA:17,27
DA:18,27
LF:3
LH:3
BRDA:16,0,0,15
BRDA:16,0,1,2
BRDA:18,1,0,18
BRDA:18,1,1,9
BRDA:24,2,0,18
BRDA:24,2,1,9
BRF:6
BRH:6
end_of_record
TN:
SF:src/components/sidebar/SideBar.js
FN:7,(anonymous_0)
FN:11,(anonymous_1)
FN:15,(anonymous_2)
FNF:3
FNH:3
FNDA:23,(anonymous_0)
FNDA:35,(anonymous_1)
FNDA:59,(anonymous_2)
DA:8,23
DA:12,35
DA:16,59
DA:17,59
LF:4
LH:4
BRDA:15,0,0,33
BRDA:15,0,1,2
BRDA:19,1,0,17
BRDA:19,1,1,42
BRDA:19,2,0,45
BRDA:19,2,1,14
BRDA:20,3,0,45
BRDA:20,3,1,14
BRDA:21,4,0,22
BRDA:21,4,1,23
BRDA:24,5,0,14
BRDA:24,5,1,45
BRDA:32,6,0,15
BRDA:32,6,1,44
BRDA:32,7,0,59
BRDA:32,7,1,22
BRDA:32,7,2,22
BRF:17
BRH:17
end_of_record
